0 info it worked if it ends with ok
1 verbose cli [ 'node',
1 verbose cli   '/usr/local/bin/npm',
1 verbose cli   'install',
1 verbose cli   'https://github.com/yuichitlo/RapGenius-JS/tarball/master' ]
2 info using npm@2.5.1
3 info using node@v0.12.0
4 silly cache add args [ 'https://github.com/yuichitlo/RapGenius-JS/tarball/master',
4 silly cache add   null ]
5 verbose cache add spec https://github.com/yuichitlo/RapGenius-JS/tarball/master
6 silly cache add parsed spec { raw: 'https://github.com/yuichitlo/RapGenius-JS/tarball/master',
6 silly cache add   scope: null,
6 silly cache add   name: null,
6 silly cache add   rawSpec: 'https://github.com/yuichitlo/RapGenius-JS/tarball/master',
6 silly cache add   spec: 'https://github.com/yuichitlo/RapGenius-JS/tarball/master',
6 silly cache add   type: 'remote' }
7 silly mapToRegistry name https://github.com/yuichitlo/RapGenius-JS/tarball/master
8 silly mapToRegistry using default registry
9 silly mapToRegistry registry https://registry.npmjs.org/
10 silly mapToRegistry uri https://github.com/yuichitlo/RapGenius-JS/tarball/master
11 verbose addRemoteTarball https://github.com/yuichitlo/RapGenius-JS/tarball/master not in flight; adding
12 verbose addRemoteTarball [ 'https://github.com/yuichitlo/RapGenius-JS/tarball/master',
12 verbose addRemoteTarball   null ]
13 info retry fetch attempt 1 at 7:58:26 PM
14 info attempt registry request try #1 at 7:58:26 PM
15 http fetch GET https://github.com/yuichitlo/RapGenius-JS/tarball/master
16 verbose request id f0f242b6f2498202
17 http fetch 200 https://github.com/yuichitlo/RapGenius-JS/tarball/master
18 silly fetchAndShaCheck shasum 186a56fec17643e6023fe4773cfa2f2df70199d6
19 verbose addTmpTarball /var/folders/fj/n_s27zkd3cl5bdvc1_gb_k780000gn/T/npm-52740-b09f656a/github.com/yuichitlo/RapGenius-JS/tarball/master not in flight; adding
20 verbose addTmpTarball validating metadata from /var/folders/fj/n_s27zkd3cl5bdvc1_gb_k780000gn/T/npm-52740-b09f656a/github.com/yuichitlo/RapGenius-JS/tarball/master
21 verbose tar unpack /var/folders/fj/n_s27zkd3cl5bdvc1_gb_k780000gn/T/npm-52740-b09f656a/github.com/yuichitlo/RapGenius-JS/tarball/master
22 verbose tar unpacking to /var/folders/fj/n_s27zkd3cl5bdvc1_gb_k780000gn/T/npm-52740-b09f656a/unpack-6bebba7b9f3c
23 verbose gentlyRm vacuuming /var/folders/fj/n_s27zkd3cl5bdvc1_gb_k780000gn/T/npm-52740-b09f656a/unpack-6bebba7b9f3c
24 silly gunzTarPerm modes [ '755', '644' ]
25 silly gunzTarPerm extractEntry
26 silly gunzTarPerm modified mode [ '', 509, 493 ]
27 silly gunzTarPerm extractEntry .gitignore
28 silly gunzTarPerm modified mode [ '.gitignore', 436, 420 ]
29 silly gunzTarPerm extractEntry .npmignore
30 silly gunzTarPerm modified mode [ '.npmignore', 436, 420 ]
31 silly gunzTarPerm extractEntry .travis.yml
32 silly gunzTarPerm modified mode [ '.travis.yml', 436, 420 ]
33 silly gunzTarPerm extractEntry History.md
34 silly gunzTarPerm modified mode [ 'History.md', 436, 420 ]
35 silly gunzTarPerm extractEntry Makefile
36 silly gunzTarPerm modified mode [ 'Makefile', 436, 420 ]
37 silly gunzTarPerm extractEntry README.md
38 silly gunzTarPerm modified mode [ 'README.md', 436, 420 ]
39 silly gunzTarPerm extractEntry examples/
40 silly gunzTarPerm modified mode [ 'examples/', 509, 493 ]
41 silly gunzTarPerm extractEntry examples/artistSearch.js
42 silly gunzTarPerm modified mode [ 'examples/artistSearch.js', 436, 420 ]
43 silly gunzTarPerm extractEntry examples/lyricsSearch.js
44 silly gunzTarPerm modified mode [ 'examples/lyricsSearch.js', 436, 420 ]
45 silly gunzTarPerm extractEntry examples/songSearch.js
46 silly gunzTarPerm modified mode [ 'examples/songSearch.js', 436, 420 ]
47 silly gunzTarPerm extractEntry genius_api_lyrics.js
48 silly gunzTarPerm modified mode [ 'genius_api_lyrics.js', 436, 420 ]
49 silly gunzTarPerm extractEntry package.json
50 silly gunzTarPerm modified mode [ 'package.json', 436, 420 ]
51 silly gunzTarPerm extractEntry src/
52 silly gunzTarPerm modified mode [ 'src/', 509, 493 ]
53 silly gunzTarPerm extractEntry src/constants/
54 silly gunzTarPerm modified mode [ 'src/constants/', 509, 493 ]
55 silly gunzTarPerm extractEntry src/constants/Constants.js
56 silly gunzTarPerm modified mode [ 'src/constants/Constants.js', 436, 420 ]
57 silly gunzTarPerm extractEntry src/constants/Constants.js~
58 silly gunzTarPerm modified mode [ 'src/constants/Constants.js~', 436, 420 ]
59 silly gunzTarPerm extractEntry src/geniusClient.js
60 silly gunzTarPerm modified mode [ 'src/geniusClient.js', 436, 420 ]
61 silly gunzTarPerm extractEntry src/model/
62 silly gunzTarPerm modified mode [ 'src/model/', 509, 493 ]
63 silly gunzTarPerm extractEntry src/model/Artist.js
64 silly gunzTarPerm modified mode [ 'src/model/Artist.js', 436, 420 ]
65 silly gunzTarPerm extractEntry src/model/Lyrics.js
66 silly gunzTarPerm modified mode [ 'src/model/Lyrics.js', 436, 420 ]
67 silly gunzTarPerm extractEntry src/model/Song.js
68 silly gunzTarPerm modified mode [ 'src/model/Song.js', 436, 420 ]
69 silly gunzTarPerm extractEntry src/parsers/
70 silly gunzTarPerm modified mode [ 'src/parsers/', 509, 493 ]
71 silly gunzTarPerm extractEntry src/parsers/ArtistParser.js
72 silly gunzTarPerm modified mode [ 'src/parsers/ArtistParser.js', 436, 420 ]
73 silly gunzTarPerm extractEntry src/parsers/LyricsParser.js
74 silly gunzTarPerm modified mode [ 'src/parsers/LyricsParser.js', 436, 420 ]
75 silly gunzTarPerm extractEntry src/parsers/SongsParser.js
76 silly gunzTarPerm modified mode [ 'src/parsers/SongsParser.js', 436, 420 ]
77 silly gunzTarPerm extractEntry src/util/
78 silly gunzTarPerm modified mode [ 'src/util/', 509, 493 ]
79 silly gunzTarPerm extractEntry src/util/StringUtils.js
80 silly gunzTarPerm modified mode [ 'src/util/StringUtils.js', 436, 420 ]
81 silly gunzTarPerm extractEntry test/
82 silly gunzTarPerm modified mode [ 'test/', 509, 493 ]
83 silly gunzTarPerm extractEntry test/rapGeniusClientTest.js
84 silly gunzTarPerm modified mode [ 'test/rapGeniusClientTest.js', 436, 420 ]
85 silly gunzTarPerm extractEntry test/rockGeniusClientTest.js
86 silly gunzTarPerm modified mode [ 'test/rockGeniusClientTest.js', 436, 420 ]
87 silly gunzTarPerm extractEntry test/unitTests.js
88 silly gunzTarPerm modified mode [ 'test/unitTests.js', 436, 420 ]
89 verbose stack Error: No version provided
89 verbose stack     at /usr/local/lib/node_modules/npm/lib/cache/add-local-tarball.js:132:21
89 verbose stack     at /usr/local/lib/node_modules/npm/node_modules/read-package-json/read-json.js:51:40
89 verbose stack     at final (/usr/local/lib/node_modules/npm/node_modules/read-package-json/read-json.js:349:17)
89 verbose stack     at then (/usr/local/lib/node_modules/npm/node_modules/read-package-json/read-json.js:126:33)
89 verbose stack     at /usr/local/lib/node_modules/npm/node_modules/read-package-json/read-json.js:266:40
89 verbose stack     at evalmachine.<anonymous>:336:14
89 verbose stack     at /usr/local/lib/node_modules/npm/node_modules/graceful-fs/graceful-fs.js:102:5
89 verbose stack     at FSReqWrap.oncomplete (evalmachine.<anonymous>:99:15)
90 verbose cwd /Users/smily_tiffany/Documents/Projects/RapGenius-JS/Genius-JS
91 error Darwin 14.0.0
92 error argv "node" "/usr/local/bin/npm" "install" "https://github.com/yuichitlo/RapGenius-JS/tarball/master"
93 error node v0.12.0
94 error npm  v2.5.1
95 error No version provided
96 error If you need help, you may report this error at:
96 error     <http://github.com/npm/npm/issues>
97 verbose exit [ 1, true ]
